# JRE version: OpenJDK Runtime Environment Temurin-21.0.9+10 (21.0.9+10) (build 21.0.9+10-LTS)
# Java VM: OpenJDK 64-Bit Server VM Temurin-21.0.9+10 (21.0.9+10-LTS, mixed mode, sharing, tiered, compressed oops, compressed class ptrs, parallel gc, windows-amd64)
GC Precious Log:
 CardTable entry size: 512
 CPUs: 12 total, 12 available
 Memory: 5989M
 Large Page Support: Disabled
 NUMA Support: Disabled
 Compressed Oops: Enabled (32-bit)
 Alignments: Space 512K, Generation 512K, Heap 2M
 Heap Min Capacity: 100M
 Heap Initial Capacity: 100M
 Heap Max Capacity: 2G
 Pre-touch: Disabled
 Parallel Workers: 10
Heap:
 PSYoungGen      total 20480K, used 15606K [0x00000000d5580000, 0x00000000d7200000, 0x0000000100000000)
  eden space 19968K, 75% used [0x00000000d5580000,0x00000000d643d910,0x00000000d6900000)
  from space 512K, 100% used [0x00000000d7180000,0x00000000d7200000,0x00000000d7200000)
  to   space 2560K, 0% used [0x00000000d6d00000,0x00000000d6d00000,0x00000000d6f80000)
 ParOldGen       total 802816K, used 540719K [0x0000000080000000, 0x00000000b1000000, 0x00000000d5580000)
  object space 802816K, 67% used [0x0000000080000000,0x00000000a100bd20,0x00000000b1000000)
 Metaspace       used 83998K, committed 85760K, reserved 1179648K
  class space    used 8464K, committed 9280K, reserved 1048576K
GC Heap History (20 events):
Event: 3402.506 GC heap before
{Heap before GC invocations=1064 (full 4):
 PSYoungGen      total 21504K, used 21300K [0x00000000d5580000, 0x00000000d6f00000, 0x0000000100000000)
  eden space 19968K, 99% used [0x00000000d5580000,0x00000000d68ffff0,0x00000000d6900000)
  from space 1536K, 86% used [0x00000000d6900000,0x00000000d6a4d220,0x00000000d6a80000)
  to   space 3072K, 0% used [0x00000000d6c00000,0x00000000d6c00000,0x00000000d6f00000)
 ParOldGen       total 802816K, used 516310K [0x0000000080000000, 0x00000000b1000000, 0x00000000d5580000)
  object space 802816K, 64% used [0x0000000080000000,0x000000009f835be0,0x00000000b1000000)
 Metaspace       used 83736K, committed 85504K, reserved 1179648K
  class space    used 8457K, committed 9280K, reserved 1048576K
}
Event: 3402.512 GC heap after
{Heap after GC invocations=1064 (full 4):
 PSYoungGen      total 22016K, used 1677K [0x00000000d5580000, 0x00000000d6e00000, 0x0000000100000000)
  eden space 19968K, 0% used [0x00000000d5580000,0x00000000d5580000,0x00000000d6900000)
  from space 2048K, 81% used [0x00000000d6c00000,0x00000000d6da3550,0x00000000d6e00000)
  to   space 2048K, 0% used [0x00000000d6a00000,0x00000000d6a00000,0x00000000d6c00000)
 ParOldGen       total 802816K, used 517405K [0x0000000080000000, 0x00000000b1000000, 0x00000000d5580000)
  object space 802816K, 64% used [0x0000000080000000,0x000000009f947460,0x00000000b1000000)
 Metaspace       used 83736K, committed 85504K, reserved 1179648K
  class space    used 8457K, committed 9280K, reserved 1048576K
}
Event: 3402.561 GC heap before
{Heap before GC invocations=1065 (full 4):
 PSYoungGen      total 22016K, used 21645K [0x00000000d5580000, 0x00000000d6e00000, 0x0000000100000000)
  eden space 19968K, 100% used [0x00000000d5580000,0x00000000d6900000,0x00000000d6900000)
  from space 2048K, 81% used [0x00000000d6c00000,0x00000000d6da3550,0x00000000d6e00000)
  to   space 2048K, 0% used [0x00000000d6a00000,0x00000000d6a00000,0x00000000d6c00000)
 ParOldGen       total 802816K, used 517405K [0x0000000080000000, 0x00000000b1000000, 0x00000000d5580000)
  object space 802816K, 64% used [0x0000000080000000,0x000000009f947460,0x00000000b1000000)
 Metaspace       used 83741K, committed 85504K, reserved 1179648K
  class space    used 8457K, committed 9280K, reserved 1048576K
}
Event: 3402.574 GC heap after
{Heap after GC invocations=1065 (full 4):
 PSYoungGen      total 22016K, used 2043K [0x00000000d5580000, 0x00000000d7900000, 0x0000000100000000)
  eden space 19968K, 0% used [0x00000000d5580000,0x00000000d5580000,0x00000000d6900000)
  from space 2048K, 99% used [0x00000000d6a00000,0x00000000d6bfeda0,0x00000000d6c00000)
  to   space 8192K, 0% used [0x00000000d7100000,0x00000000d7100000,0x00000000d7900000)
 ParOldGen       total 802816K, used 522326K [0x0000000080000000, 0x00000000b1000000, 0x00000000d5580000)
  object space 802816K, 65% used [0x0000000080000000,0x000000009fe15958,0x00000000b1000000)
 Metaspace       used 83741K, committed 85504K, reserved 1179648K
  class space    used 8457K, committed 9280K, reserved 1048576K
}
Event: 3402.732 GC heap before
{Heap before GC invocations=1066 (full 4):
 PSYoungGen      total 22016K, used 22011K [0x00000000d5580000, 0x00000000d7900000, 0x0000000100000000)
  eden space 19968K, 100% used [0x00000000d5580000,0x00000000d6900000,0x00000000d6900000)
  from space 2048K, 99% used [0x00000000d6a00000,0x00000000d6bfeda0,0x00000000d6c00000)
  to   space 8192K, 0% used [0x00000000d7100000,0x00000000d7100000,0x00000000d7900000)
 ParOldGen       total 802816K, used 522326K [0x0000000080000000, 0x00000000b1000000, 0x00000000d5580000)
  object space 802816K, 65% used [0x0000000080000000,0x000000009fe15958,0x00000000b1000000)
 Metaspace       used 83749K, committed 85504K, reserved 1179648K
  class space    used 8457K, committed 9280K, reserved 1048576K
}
Event: 3402.744 GC heap after
{Heap after GC invocations=1066 (full 4):
 PSYoungGen      total 22528K, used 2288K [0x00000000d5580000, 0x00000000d7380000, 0x0000000100000000)
  eden space 19968K, 0% used [0x00000000d5580000,0x00000000d5580000,0x00000000d6900000)
  from space 2560K, 89% used [0x00000000d7100000,0x00000000d733c030,0x00000000d7380000)
  to   space 4096K, 0% used [0x00000000d6b80000,0x00000000d6b80000,0x00000000d6f80000)
 ParOldGen       total 802816K, used 524346K [0x0000000080000000, 0x00000000b1000000, 0x00000000d5580000)
  object space 802816K, 65% used [0x0000000080000000,0x00000000a000e810,0x00000000b1000000)
 Metaspace       used 83749K, committed 85504K, reserved 1179648K
  class space    used 8457K, committed 9280K, reserved 1048576K
}
Event: 3402.844 GC heap before
{Heap before GC invocations=1067 (full 4):
 PSYoungGen      total 22528K, used 22256K [0x00000000d5580000, 0x00000000d7380000, 0x0000000100000000)
  eden space 19968K, 100% used [0x00000000d5580000,0x00000000d6900000,0x00000000d6900000)
  from space 2560K, 89% used [0x00000000d7100000,0x00000000d733c030,0x00000000d7380000)
  to   space 4096K, 0% used [0x00000000d6b80000,0x00000000d6b80000,0x00000000d6f80000)
 ParOldGen       total 802816K, used 524346K [0x0000000080000000, 0x00000000b1000000, 0x00000000d5580000)
  object space 802816K, 65% used [0x0000000080000000,0x00000000a000e810,0x00000000b1000000)
 Metaspace       used 83750K, committed 85504K, reserved 1179648K
  class space    used 8457K, committed 9280K, reserved 1048576K
}
Event: 3402.856 GC heap after
{Heap after GC invocations=1067 (full 4):
 PSYoungGen      total 24064K, used 1056K [0x00000000d5580000, 0x00000000d7180000, 0x0000000100000000)
  eden space 19968K, 0% used [0x00000000d5580000,0x00000000d5580000,0x00000000d6900000)
  from space 4096K, 25% used [0x00000000d6b80000,0x00000000d6c88000,0x00000000d6f80000)
  to   space 2048K, 0% used [0x00000000d6f80000,0x00000000d6f80000,0x00000000d7180000)
 ParOldGen       total 802816K, used 526478K [0x0000000080000000, 0x00000000b1000000, 0x00000000d5580000)
  object space 802816K, 65% used [0x0000000080000000,0x00000000a0223928,0x00000000b1000000)
 Metaspace       used 83750K, committed 85504K, reserved 1179648K
  class space    used 8457K, committed 9280K, reserved 1048576K
}
Event: 3403.355 GC heap before
{Heap before GC invocations=1068 (full 4):
 PSYoungGen      total 24064K, used 21024K [0x00000000d5580000, 0x00000000d7180000, 0x0000000100000000)
  eden space 19968K, 100% used [0x00000000d5580000,0x00000000d6900000,0x00000000d6900000)
  from space 4096K, 25% used [0x00000000d6b80000,0x00000000d6c88000,0x00000000d6f80000)
  to   space 2048K, 0% used [0x00000000d6f80000,0x00000000d6f80000,0x00000000d7180000)
 ParOldGen       total 802816K, used 526478K [0x0000000080000000, 0x00000000b1000000, 0x00000000d5580000)
  object space 802816K, 65% used [0x0000000080000000,0x00000000a0223928,0x00000000b1000000)
 Metaspace       used 83803K, committed 85568K, reserved 1179648K
  class space    used 8457K, committed 9280K, reserved 1048576K
}
Event: 3403.368 GC heap after
{Heap after GC invocations=1068 (full 4):
 PSYoungGen      total 22016K, used 2048K [0x00000000d5580000, 0x00000000d7180000, 0x0000000100000000)
  eden space 19968K, 0% used [0x00000000d5580000,0x00000000d5580000,0x00000000d6900000)
  from space 2048K, 100% used [0x00000000d6f80000,0x00000000d7180000,0x00000000d7180000)
  to   space 3584K, 0% used [0x00000000d6a80000,0x00000000d6a80000,0x00000000d6e00000)
 ParOldGen       total 802816K, used 527438K [0x0000000080000000, 0x00000000b1000000, 0x00000000d5580000)
  object space 802816K, 65% used [0x0000000080000000,0x00000000a0313938,0x00000000b1000000)
 Metaspace       used 83803K, committed 85568K, reserved 1179648K
  class space    used 8457K, committed 9280K, reserved 1048576K
}
Event: 3404.181 GC heap before
{Heap before GC invocations=1069 (full 4):
 PSYoungGen      total 22016K, used 22016K [0x00000000d5580000, 0x00000000d7180000, 0x0000000100000000)
  eden space 19968K, 100% used [0x00000000d5580000,0x00000000d6900000,0x00000000d6900000)
  from space 2048K, 100% used [0x00000000d6f80000,0x00000000d7180000,0x00000000d7180000)
  to   space 3584K, 0% used [0x00000000d6a80000,0x00000000d6a80000,0x00000000d6e00000)
 ParOldGen       total 802816K, used 527438K [0x0000000080000000, 0x00000000b1000000, 0x00000000d5580000)
  object space 802816K, 65% used [0x0000000080000000,0x00000000a0313938,0x00000000b1000000)
 Metaspace       used 83876K, committed 85632K, reserved 1179648K
  class space    used 8458K, committed 9280K, reserved 1048576K
}
Event: 3404.225 GC heap after
{Heap after GC invocations=1069 (full 4):
 PSYoungGen      total 23552K, used 3583K [0x00000000d5580000, 0x00000000d7f00000, 0x0000000100000000)
  eden space 19968K, 0% used [0x00000000d5580000,0x00000000d5580000,0x00000000d6900000)
  from space 3584K, 99% used [0x00000000d6a80000,0x00000000d6dfff58,0x00000000d6e00000)
  to   space 11264K, 0% used [0x00000000d7400000,0x00000000d7400000,0x00000000d7f00000)
 ParOldGen       total 802816K, used 533639K [0x0000000080000000, 0x00000000b1000000, 0x00000000d5580000)
  object space 802816K, 66% used [0x0000000080000000,0x00000000a0921d48,0x00000000b1000000)
 Metaspace       used 83876K, committed 85632K, reserved 1179648K
  class space    used 8458K, committed 9280K, reserved 1048576K
}
Event: 3483.907 GC heap before
{Heap before GC invocations=1070 (full 4):
 PSYoungGen      total 23552K, used 23551K [0x00000000d5580000, 0x00000000d7f00000, 0x0000000100000000)
  eden space 19968K, 100% used [0x00000000d5580000,0x00000000d6900000,0x00000000d6900000)
  from space 3584K, 99% used [0x00000000d6a80000,0x00000000d6dfff58,0x00000000d6e00000)
  to   space 11264K, 0% used [0x00000000d7400000,0x00000000d7400000,0x00000000d7f00000)
 ParOldGen       total 802816K, used 533639K [0x0000000080000000, 0x00000000b1000000, 0x00000000d5580000)
  object space 802816K, 66% used [0x0000000080000000,0x00000000a0921d48,0x00000000b1000000)
 Metaspace       used 83913K, committed 85632K, reserved 1179648K
  class space    used 8463K, committed 9280K, reserved 1048576K
}
Event: 3483.932 GC heap after
{Heap after GC invocations=1070 (full 4):
 PSYoungGen      total 22528K, used 2240K [0x00000000d5580000, 0x00000000d7680000, 0x0000000100000000)
  eden space 19968K, 0% used [0x00000000d5580000,0x00000000d5580000,0x00000000d6900000)
  from space 2560K, 87% used [0x00000000d7400000,0x00000000d7630000,0x00000000d7680000)
  to   space 5120K, 0% used [0x00000000d6c80000,0x00000000d6c80000,0x00000000d7180000)
 ParOldGen       total 802816K, used 533863K [0x0000000080000000, 0x00000000b1000000, 0x00000000d5580000)
  object space 802816K, 66% used [0x0000000080000000,0x00000000a0959d58,0x00000000b1000000)
 Metaspace       used 83913K, committed 85632K, reserved 1179648K
  class space    used 8463K, committed 9280K, reserved 1048576K
}
Event: 3484.208 GC heap before
{Heap before GC invocations=1071 (full 4):
 PSYoungGen      total 22528K, used 22208K [0x00000000d5580000, 0x00000000d7680000, 0x0000000100000000)
  eden space 19968K, 100% used [0x00000000d5580000,0x00000000d6900000,0x00000000d6900000)
  from space 2560K, 87% used [0x00000000d7400000,0x00000000d7630000,0x00000000d7680000)
  to   space 5120K, 0% used [0x00000000d6c80000,0x00000000d6c80000,0x00000000d7180000)
 ParOldGen       total 802816K, used 533863K [0x0000000080000000, 0x00000000b1000000, 0x00000000d5580000)
  object space 802816K, 66% used [0x0000000080000000,0x00000000a0959d58,0x00000000b1000000)
 Metaspace       used 83925K, committed 85696K, reserved 1179648K
  class space    used 8463K, committed 9280K, reserved 1048576K
}
Event: 3484.227 GC heap after
{Heap after GC invocations=1071 (full 4):
 PSYoungGen      total 25088K, used 2048K [0x00000000d5580000, 0x00000000d7480000, 0x0000000100000000)
  eden space 19968K, 0% used [0x00000000d5580000,0x00000000d5580000,0x00000000d6900000)
  from space 5120K, 40% used [0x00000000d6c80000,0x00000000d6e80000,0x00000000d7180000)
  to   space 3072K, 0% used [0x00000000d7180000,0x00000000d7180000,0x00000000d7480000)
 ParOldGen       total 802816K, used 535938K [0x0000000080000000, 0x00000000b1000000, 0x00000000d5580000)
  object space 802816K, 66% used [0x0000000080000000,0x00000000a0b60820,0x00000000b1000000)
 Metaspace       used 83925K, committed 85696K, reserved 1179648K
  class space    used 8463K, committed 9280K, reserved 1048576K
}
Event: 3484.430 GC heap before
{Heap before GC invocations=1072 (full 4):
 PSYoungGen      total 25088K, used 22016K [0x00000000d5580000, 0x00000000d7480000, 0x0000000100000000)
  eden space 19968K, 100% used [0x00000000d5580000,0x00000000d6900000,0x00000000d6900000)
  from space 5120K, 40% used [0x00000000d6c80000,0x00000000d6e80000,0x00000000d7180000)
  to   space 3072K, 0% used [0x00000000d7180000,0x00000000d7180000,0x00000000d7480000)
 ParOldGen       total 802816K, used 535938K [0x0000000080000000, 0x00000000b1000000, 0x00000000d5580000)
  object space 802816K, 66% used [0x0000000080000000,0x00000000a0b60820,0x00000000b1000000)
 Metaspace       used 83964K, committed 85696K, reserved 1179648K
  class space    used 8463K, committed 9280K, reserved 1048576K
}
Event: 3484.439 GC heap after
{Heap after GC invocations=1072 (full 4):
 PSYoungGen      total 22016K, used 1696K [0x00000000d5580000, 0x00000000d7380000, 0x0000000100000000)
  eden space 19968K, 0% used [0x00000000d5580000,0x00000000d5580000,0x00000000d6900000)
  from space 2048K, 82% used [0x00000000d7180000,0x00000000d7328020,0x00000000d7380000)
  to   space 2048K, 0% used [0x00000000d6f80000,0x00000000d6f80000,0x00000000d7180000)
 ParOldGen       total 802816K, used 537399K [0x0000000080000000, 0x00000000b1000000, 0x00000000d5580000)
  object space 802816K, 66% used [0x0000000080000000,0x00000000a0ccdff0,0x00000000b1000000)
 Metaspace       used 83964K, committed 85696K, reserved 1179648K
  class space    used 8463K, committed 9280K, reserved 1048576K
}
Event: 3484.524 GC heap before
{Heap before GC invocations=1073 (full 4):
 PSYoungGen      total 22016K, used 21653K [0x00000000d5580000, 0x00000000d7380000, 0x0000000100000000)
  eden space 19968K, 99% used [0x00000000d5580000,0x00000000d68fd628,0x00000000d6900000)
  from space 2048K, 82% used [0x00000000d7180000,0x00000000d7328020,0x00000000d7380000)
  to   space 2048K, 0% used [0x00000000d6f80000,0x00000000d6f80000,0x00000000d7180000)
 ParOldGen       total 802816K, used 537399K [0x0000000080000000, 0x00000000b1000000, 0x00000000d5580000)
  object space 802816K, 66% used [0x0000000080000000,0x00000000a0ccdff0,0x00000000b1000000)
 Metaspace       used 83986K, committed 85760K, reserved 1179648K
  class space    used 8464K, committed 9280K, reserved 1048576K
}
Event: 3484.533 GC heap after
{Heap after GC invocations=1073 (full 4):
 PSYoungGen      total 22016K, used 1920K [0x00000000d5580000, 0x00000000d7200000, 0x0000000100000000)
  eden space 19968K, 0% used [0x00000000d5580000,0x00000000d5580000,0x00000000d6900000)
  from space 2048K, 93% used [0x00000000d6f80000,0x00000000d7160000,0x00000000d7180000)
  to   space 512K, 0% used [0x00000000d7180000,0x00000000d7180000,0x00000000d7200000)
 ParOldGen       total 802816K, used 538867K [0x0000000080000000, 0x00000000b1000000, 0x00000000d5580000)
  object space 802816K, 67% used [0x0000000080000000,0x00000000a0e3cd10,0x00000000b1000000)
 Metaspace       used 83986K, committed 85760K, reserved 1179648K
  class space    used 8464K, committed 9280K, reserved 1048576K
}

